{
  "RSpec": {
    "coverage": {
      "/Users/jvolpe/Desktop/Turing/4mod/projects/volpe_teas/app/models/customer.rb": {
        "lines": [
          1,
          1,
          1,
          1,
          1,
          1,
          1,
          1,
          1,
          1,
          null
        ]
      },
      "/Users/jvolpe/Desktop/Turing/4mod/projects/volpe_teas/app/models/application_record.rb": {
        "lines": [
          1,
          1,
          null
        ]
      },
      "/Users/jvolpe/Desktop/Turing/4mod/projects/volpe_teas/spec/models/customer_subscription_spec.rb": {
        "lines": [
          1,
          null,
          1,
          1,
          2,
          2,
          2,
          null,
          null,
          1,
          2,
          2,
          null,
          null
        ]
      },
      "/Users/jvolpe/Desktop/Turing/4mod/projects/volpe_teas/app/models/customer_subscription.rb": {
        "lines": [
          1,
          1,
          1,
          1,
          1,
          1,
          1,
          null
        ]
      },
      "/Users/jvolpe/Desktop/Turing/4mod/projects/volpe_teas/spec/models/package_spec.rb": {
        "lines": [
          1,
          null,
          1,
          1,
          2,
          null,
          null,
          1,
          2,
          2,
          null,
          null
        ]
      },
      "/Users/jvolpe/Desktop/Turing/4mod/projects/volpe_teas/app/models/package.rb": {
        "lines": [
          1,
          1,
          1,
          1,
          null
        ]
      },
      "/Users/jvolpe/Desktop/Turing/4mod/projects/volpe_teas/spec/models/subscription_spec.rb": {
        "lines": [
          1,
          null,
          1,
          1,
          2,
          2,
          2,
          null,
          null
        ]
      },
      "/Users/jvolpe/Desktop/Turing/4mod/projects/volpe_teas/app/models/subscription.rb": {
        "lines": [
          1,
          1,
          1,
          1,
          1,
          1,
          1,
          1,
          1,
          null
        ]
      },
      "/Users/jvolpe/Desktop/Turing/4mod/projects/volpe_teas/spec/models/tea_spec.rb": {
        "lines": [
          1,
          null,
          1,
          1,
          2,
          2,
          2,
          2,
          null,
          null
        ]
      },
      "/Users/jvolpe/Desktop/Turing/4mod/projects/volpe_teas/app/models/tea.rb": {
        "lines": [
          1,
          1,
          1,
          1,
          1,
          1,
          1,
          null
        ]
      },
      "/Users/jvolpe/Desktop/Turing/4mod/projects/volpe_teas/spec/requests/api/v1/customer_subscriptions/index_spec.rb": {
        "lines": [
          1,
          null,
          1,
          1,
          1,
          2,
          2,
          null,
          1,
          1,
          1,
          1,
          null,
          1,
          null,
          1,
          1,
          null,
          1,
          1,
          1,
          1,
          1,
          1,
          1,
          1,
          1,
          1,
          null,
          1,
          1,
          1,
          1,
          null,
          1,
          null,
          1,
          1,
          null,
          1,
          null,
          null,
          null
        ]
      },
      "/Users/jvolpe/Desktop/Turing/4mod/projects/volpe_teas/spec/requests/api/v1/customer_subscriptions/new_spec.rb": {
        "lines": [
          1,
          null,
          1,
          1,
          1,
          1,
          null,
          1,
          1,
          1,
          1,
          1,
          null,
          1,
          null,
          1,
          1,
          1,
          1,
          1,
          1,
          1,
          1,
          1,
          null,
          null,
          null
        ]
      },
      "/Users/jvolpe/Desktop/Turing/4mod/projects/volpe_teas/spec/requests/api/v1/customer_subscriptions/patch_spec.rb": {
        "lines": [
          1,
          null,
          1,
          1,
          1,
          1,
          null,
          1,
          1,
          1,
          null,
          1,
          null,
          1,
          1,
          null,
          1,
          1,
          1,
          1,
          1,
          1,
          1,
          null,
          null,
          null
        ]
      },
      "/Users/jvolpe/Desktop/Turing/4mod/projects/volpe_teas/app/controllers/api/v1/customer_subscriptions_controller.rb": {
        "lines": [
          1,
          1,
          1,
          1,
          1,
          1,
          1,
          1,
          null,
          0,
          null,
          null,
          null,
          1,
          2,
          2,
          1,
          null,
          1,
          1,
          2,
          null,
          1,
          null,
          null,
          null,
          1,
          1,
          1,
          null,
          1,
          1,
          null,
          null
        ]
      },
      "/Users/jvolpe/Desktop/Turing/4mod/projects/volpe_teas/app/controllers/application_controller.rb": {
        "lines": [
          1,
          1,
          1,
          1,
          0,
          null,
          1,
          0,
          null,
          1,
          0,
          null,
          null
        ]
      },
      "/Users/jvolpe/Desktop/Turing/4mod/projects/volpe_teas/app/poros/cust_subscription.rb": {
        "lines": [
          1,
          1,
          null,
          null,
          null,
          null,
          null,
          null,
          null,
          null,
          1,
          4,
          4,
          4,
          4,
          4,
          4,
          4,
          4,
          null,
          null
        ]
      },
      "/Users/jvolpe/Desktop/Turing/4mod/projects/volpe_teas/app/serializers/customer_subscription_serializer.rb": {
        "lines": [
          1,
          1,
          1,
          null
        ]
      }
    },
    "timestamp": 1623347068
  }
}
