{
  "RSpec": {
    "coverage": {
      "/Users/jvolpe/Desktop/Turing/4mod/projects/volpe_teas/app/models/customer_subscription.rb": {
        "lines": [
          1,
          1,
          1,
          1,
          null
        ]
      },
      "/Users/jvolpe/Desktop/Turing/4mod/projects/volpe_teas/app/models/application_record.rb": {
        "lines": [
          1,
          1,
          null
        ]
      },
      "/Users/jvolpe/Desktop/Turing/4mod/projects/volpe_teas/app/models/customer.rb": {
        "lines": [
          1,
          1,
          1,
          1,
          1,
          1,
          1,
          1,
          1,
          1,
          null
        ]
      },
      "/Users/jvolpe/Desktop/Turing/4mod/projects/volpe_teas/app/models/subscription.rb": {
        "lines": [
          1,
          1,
          1,
          1,
          1,
          1,
          1,
          1,
          1,
          null
        ]
      }
    },
    "timestamp": 1623110298
  }
}
